[]
[]
[]
Failed to fetch page: 401
[]
[]
[]
[]
[]
Starting product scraper scheduler...
Will run every 15 minutes, next run at 2025-04-09 15:52:58.559690

[2025-04-09 15:52:58.559717] Running scrapers...
Running scraper.dailysale.scraper...
Running scraper.everything_zimbabwe.scraper...
Running scraper.fusertech.scraper...
Running scraper.raines_africa.scraper...
Failed to fetch page: 401
Running scraper.shumba_africa.scraper...
Running scraper.topdeals.scraper...
Running scraper.ubuy.scraper...
Running scraper.zimall.scraper...
INFO:scraper.zimall.scraper:ScrapingBee response status: 401
WARNING:scraper.zimall.scraper:ScrapingBee failed, falling back to direct request
INFO:scraper.zimall.scraper:Direct request status: 200
INFO:scraper.zimall.scraper:Found 30 product elements
Failed to post products from scraper.zimall.scraper to API. Status code: 201
Collected 30 products from scraper.zimall.scraper
Running scraper.zimexapp.scraper...

[2025-04-09 16:07:59.154747] Running scrapers...
Running scraper.dailysale.scraper...
Running scraper.everything_zimbabwe.scraper...
Running scraper.fusertech.scraper...
Running scraper.raines_africa.scraper...
Failed to fetch page: 401
Running scraper.shumba_africa.scraper...
Running scraper.topdeals.scraper...
Running scraper.ubuy.scraper...
Running scraper.zimall.scraper...
INFO:scraper.zimall.scraper:ScrapingBee response status: 401
WARNING:scraper.zimall.scraper:ScrapingBee failed, falling back to direct request
INFO:scraper.zimall.scraper:Direct request status: 200
INFO:scraper.zimall.scraper:Found 30 product elements
Failed to post products from scraper.zimall.scraper to API. Status code: 201
Collected 30 products from scraper.zimall.scraper
Running scraper.zimexapp.scraper...

[2025-04-09 16:23:37.183123] Running scrapers...
Running scraper.dailysale.scraper...
Running scraper.everything_zimbabwe.scraper...
Running scraper.fusertech.scraper...
Running scraper.raines_africa.scraper...
Failed to fetch page: 401
Running scraper.shumba_africa.scraper...
Running scraper.topdeals.scraper...
Running scraper.ubuy.scraper...
Running scraper.zimall.scraper...
INFO:scraper.zimall.scraper:ScrapingBee response status: 401
WARNING:scraper.zimall.scraper:ScrapingBee failed, falling back to direct request
INFO:scraper.zimall.scraper:Direct request status: 200
INFO:scraper.zimall.scraper:Found 30 product elements
Failed to post products from scraper.zimall.scraper to API. Status code: 201
Collected 30 products from scraper.zimall.scraper
Running scraper.zimexapp.scraper...

[2025-04-09 16:39:07.890037] Running scrapers...
Running scraper.dailysale.scraper...
Running scraper.everything_zimbabwe.scraper...
Running scraper.fusertech.scraper...
Running scraper.raines_africa.scraper...
Failed to fetch page: 401
Running scraper.shumba_africa.scraper...
Running scraper.topdeals.scraper...
Running scraper.ubuy.scraper...
Running scraper.zimall.scraper...
INFO:scraper.zimall.scraper:ScrapingBee response status: 401
WARNING:scraper.zimall.scraper:ScrapingBee failed, falling back to direct request
INFO:scraper.zimall.scraper:Direct request status: 200
INFO:scraper.zimall.scraper:Found 30 product elements
Failed to post products from scraper.zimall.scraper to API. Status code: 201
Collected 30 products from scraper.zimall.scraper
Running scraper.zimexapp.scraper...

[2025-04-09 18:52:19.734381] Running scrapers...
Running scraper.dailysale.scraper...
Error in scraper.dailysale.scraper: HTTPSConnectionPool(host='app.scrapingbee.com', port=443): Max retries exceeded with url: /api/v1/?api_key=2QP1SUWGKS8H44S1XCZYPWX8P70MF0N18DS7M9UXFKFIZMD1YOBFTXG183062OV8612YC6642DFXSCU7&url=https%3A%2F%2Fwww.dailysale.co.zw%2Fcategories%2Ftv-audio-video%2Fall (Caused by NameResolutionError("<urllib3.connection.HTTPSConnection object at 0x729430a06150>: Failed to resolve 'app.scrapingbee.com' ([Errno -3] Temporary failure in name resolution)"))
Running scraper.everything_zimbabwe.scraper...
Error in scraper.everything_zimbabwe.scraper: HTTPSConnectionPool(host='app.scrapingbee.com', port=443): Max retries exceeded with url: /api/v1/?api_key=2QP1SUWGKS8H44S1XCZYPWX8P70MF0N18DS7M9UXFKFIZMD1YOBFTXG183062OV8612YC6642DFXSCU7&url=https%3A%2F%2Feverythingzimbabwean.com%2Fcategory%2Felectronic-goods%2F (Caused by NameResolutionError("<urllib3.connection.HTTPSConnection object at 0x729430f85cd0>: Failed to resolve 'app.scrapingbee.com' ([Errno -3] Temporary failure in name resolution)"))
Running scraper.fusertech.scraper...
Error in scraper.fusertech.scraper: HTTPSConnectionPool(host='app.scrapingbee.com', port=443): Max retries exceeded with url: /api/v1/?api_key=2QP1SUWGKS8H44S1XCZYPWX8P70MF0N18DS7M9UXFKFIZMD1YOBFTXG183062OV8612YC6642DFXSCU7&url=https%3A%2F%2Ffusertech.co.zw%2Fproduct-category%2Flaptops%2F%3Fper_page%3D24 (Caused by NameResolutionError("<urllib3.connection.HTTPSConnection object at 0x729430a077d0>: Failed to resolve 'app.scrapingbee.com' ([Errno -3] Temporary failure in name resolution)"))
Running scraper.raines_africa.scraper...
Error in raines_africa scraper: HTTPSConnectionPool(host='app.scrapingbee.com', port=443): Max retries exceeded with url: /api/v1/?api_key=2QP1SUWGKS8H44S1XCZYPWX8P70MF0N18DS7M9UXFKFIZMD1YOBFTXG183062OV8612YC6642DFXSCU7&url=https%3A%2F%2Fraines.africa%2Fproduct-category%2Ftelevisions%2F (Caused by NameResolutionError("<urllib3.connection.HTTPSConnection object at 0x729430f86150>: Failed to resolve 'app.scrapingbee.com' ([Errno -3] Temporary failure in name resolution)"))
Running scraper.shumba_africa.scraper...
Error in scraper.shumba_africa.scraper: HTTPSConnectionPool(host='app.scrapingbee.com', port=443): Max retries exceeded with url: /api/v1/?api_key=2QP1SUWGKS8H44S1XCZYPWX8P70MF0N18DS7M9UXFKFIZMD1YOBFTXG183062OV8612YC6642DFXSCU7&url=https%3A%2F%2Fwww.shumba.africa%2Fstore%2F%3F_sort%3D_regular_price_asc%26_categories%3Delectronics-computers (Caused by NameResolutionError("<urllib3.connection.HTTPSConnection object at 0x729430f86a20>: Failed to resolve 'app.scrapingbee.com' ([Errno -3] Temporary failure in name resolution)"))
Running scraper.topdeals.scraper...
Error in scraper.topdeals.scraper: HTTPSConnectionPool(host='app.scrapingbee.com', port=443): Max retries exceeded with url: /api/v1/?api_key=2QP1SUWGKS8H44S1XCZYPWX8P70MF0N18DS7M9UXFKFIZMD1YOBFTXG183062OV8612YC6642DFXSCU7&url=https%3A%2F%2Fwww.topdeals.co.zw%2Fproduct-categories%2Fhome-kitchen%3Fpage%3D1 (Caused by NameResolutionError("<urllib3.connection.HTTPSConnection object at 0x729430f87680>: Failed to resolve 'app.scrapingbee.com' ([Errno -3] Temporary failure in name resolution)"))
Running scraper.ubuy.scraper...
Error in scraper.ubuy.scraper: HTTPSConnectionPool(host='app.scrapingbee.com', port=443): Max retries exceeded with url: /api/v1/?api_key=2QP1SUWGKS8H44S1XCZYPWX8P70MF0N18DS7M9UXFKFIZMD1YOBFTXG183062OV8612YC6642DFXSCU7&url=https%3A%2F%2Fwww.ubuy.co.zw%2Fen%2Fcategory%2Felectronics-10171 (Caused by NameResolutionError("<urllib3.connection.HTTPSConnection object at 0x729430f87cb0>: Failed to resolve 'app.scrapingbee.com' ([Errno -3] Temporary failure in name resolution)"))
Running scraper.zimall.scraper...
WARNING:scraper.zimall.scraper:ScrapingBee error: HTTPSConnectionPool(host='app.scrapingbee.com', port=443): Max retries exceeded with url: /api/v1/?api_key=2QP1SUWGKS8H44S1XCZYPWX8P70MF0N18DS7M9UXFKFIZMD1YOBFTXG183062OV8612YC6642DFXSCU7&url=https%3A%2F%2Fwww.zimall.co.zw%2Fshop%2Fcategories%2F4%2Felectronics-appliances.html (Caused by NameResolutionError("<urllib3.connection.HTTPSConnection object at 0x729430f58860>: Failed to resolve 'app.scrapingbee.com' ([Errno -3] Temporary failure in name resolution)"))
ERROR:scraper.zimall.scraper:Direct request error: HTTPSConnectionPool(host='www.zimall.co.zw', port=443): Max retries exceeded with url: /shop/categories/4/electronics-appliances.html (Caused by NameResolutionError("<urllib3.connection.HTTPSConnection object at 0x729430f87bc0>: Failed to resolve 'www.zimall.co.zw' ([Errno -3] Temporary failure in name resolution)"))
Running scraper.zimexapp.scraper...
Error in scraper.zimexapp.scraper: HTTPSConnectionPool(host='app.scrapingbee.com', port=443): Max retries exceeded with url: /api/v1/?api_key=2QP1SUWGKS8H44S1XCZYPWX8P70MF0N18DS7M9UXFKFIZMD1YOBFTXG183062OV8612YC6642DFXSCU7&url=https%3A%2F%2Fzimexapp.co.zw%2Fcellphone (Caused by NameResolutionError("<urllib3.connection.HTTPSConnection object at 0x729430f87230>: Failed to resolve 'app.scrapingbee.com' ([Errno -3] Temporary failure in name resolution)"))

[2025-04-09 19:07:19.956873] Running scrapers...
Running scraper.dailysale.scraper...
Running scraper.everything_zimbabwe.scraper...
Running scraper.fusertech.scraper...
Running scraper.raines_africa.scraper...
Failed to fetch page: 401
Running scraper.shumba_africa.scraper...
Running scraper.topdeals.scraper...
Running scraper.ubuy.scraper...
Running scraper.zimall.scraper...
INFO:scraper.zimall.scraper:ScrapingBee response status: 401
WARNING:scraper.zimall.scraper:ScrapingBee failed, falling back to direct request
INFO:scraper.zimall.scraper:Direct request status: 200
INFO:scraper.zimall.scraper:Found 30 product elements
Failed to post products from scraper.zimall.scraper to API. Status code: 201
Collected 30 products from scraper.zimall.scraper
Running scraper.zimexapp.scraper...
